         w __deregister_frame_info
         w __register_frame_info
         w userAppExit
         w userAppInit
00000000 b _TLS_MODULE_BASE_
00000000 00000401 B __ctru_dev_path_buf
00000000 a shift
00000000 a shift
00000404 00000802 B __ctru_dev_utf16_buf
00100000 A __start__
00100000 T _start
00100008 T __service_ptr
0010000c T __apt_appid
00100010 T __heap_size
00100014 T __linear_heap_size
00100018 T __system_arglist
0010001c T __system_runflags
00100020 t startup
00100058 t ClearMem
0010006c t ClrLoop
00100094 T _init
001000ac t .udivsi3_skip_div0_test
001000ac T __aeabi_uidiv
001000ac 000001ec T __udivsi3
00100298 00000020 T __aeabi_uidivmod
001002b8 T __aeabi_idiv
001002b8 00000220 T __divsi3
001002c0 t .divsi3_skip_div0_test
001004d8 00000020 T __aeabi_idivmod
001004f8 00000004 W __aeabi_idiv0
001004f8 00000004 W __aeabi_ldiv0
001004fc T __aeabi_drsub
00100504 000002b0 T __aeabi_dsub
00100504 000002b0 T __subdf3
00100508 000002ac T __adddf3
00100508 000002ac T __aeabi_dadd
001007b4 00000024 T __aeabi_ui2d
001007b4 00000024 T __floatunsidf
001007d8 00000028 T __aeabi_i2d
001007d8 00000028 T __floatsidf
00100800 00000048 T __aeabi_f2d
00100800 00000048 T __extendsfdf2
00100848 00000074 T __aeabi_ul2d
00100848 00000074 T __floatundidf
0010085c 00000060 T __aeabi_l2d
0010085c 00000060 T __floatdidf
001008bc T __aeabi_ldivmod
00100990 T __aeabi_uldivmod
001009e8 00000390 T strcmp
00100d70 t __do_global_dtors_aux
00100db0 t frame_dummy
00100ddc 00000064 t C2D_SpriteFromSheet
00100e40 0000006c t C2D_DrawImageAt.constprop.3
00100eac 00000054 t C2D_Color32f.constprop.0
00100f00 000003c4 T makeBubble
001012c8 00000300 T makeBubbleMenu
001015c8 000002f4 T makeBubbleType
001018bc 0000010c T makeDart
001019c8 0000035c T doMovement
00101d24 00000220 T updateAnimation
00101f48 00003064 T main
00104fac 00000034 t C2Di_FrameEndHook
00104fe0 00000330 T C2D_Init
00105310 00000044 T C2D_Fini
00105354 000000d0 T C2D_Prepare
00105424 0000003c T C2D_Flush
00105460 00000108 T C2D_SceneSize
00105568 00000058 T C2D_CreateScreenTarget
001055c0 00000058 T C2D_TargetClear
00105618 00000020 T C2D_Fade
00105638 0000013c T C2Di_CalcQuad
00105774 00000040 T C2Di_AppendVtx
001057b4 0000022c T C2Di_Update
001059e0 000002f8 T C2D_DrawImage
00105cd8 00000134 T C2D_DrawTriangle
00105e0c 00000220 T C2D_DrawLine
0010602c 00000140 t C2Di_CalcLineWidths
0010616c 000001d0 T C2D_TextBufNew
0010633c 0000000c T C2D_TextBufClear
00106348 000001c8 T C2D_TextFontParseLine
00106510 000000a8 T C2D_TextFontParse
001065b8 000000c0 T C2D_TextGetDimensions
00106678 000010d4 T C2D_DrawText
0010774c 0000006c T C2D_SpriteSheetLoadFromHandle
001077b8 00000048 T C2D_SpriteSheetLoad
00107800 00000028 T C2D_SpriteSheetFree
00107828 0000002c T C2D_SpriteSheetGetImage
00107854 00000028 T C2D_FontFree
0010787c 000000f0 t C2Di_PostLoadFont
0010796c 000000b4 T C2D_FontLoadFromHandle
00107a20 00000034 T C2D_FontLoad
00107a54 00000044 T C2D_FontGlyphIndexFromCodePoint
00107a98 00000078 T C2D_FontCalcGlyphPos
00107b10 00000004 W C3Di_LightEnvUpdate
00107b14 00000004 W C3Di_LightEnvDirty
00107b18 000000b4 t C3Di_AptEventHook
00107bcc 00000004 W C3Di_GasUpdate
00107bd0 000001e0 T C3D_Init
00107db0 00000098 T C3D_SetViewport
00107e48 000004ec T C3Di_UpdateContext
00108334 000000e0 T C3Di_SplitFrame
00108414 00000044 T C3D_Fini
00108458 00000108 T C3D_BindProgram
00108560 0000004c t onVBlank0
001085ac 0000004c t onVBlank1
001085f8 00000080 t C3Di_RenderTargetDestroy
00108678 000000f4 t onQueueFinish
0010876c 00000038 T C3Di_RenderQueueEnableVBlank
001087a4 00000030 T C3Di_RenderQueueDisableVBlank
001087d4 00000060 T C3Di_RenderQueueInit
00108834 000000b0 T C3Di_RenderQueueExit
001088e4 00000034 T C3Di_RenderQueueWaitDone
00108918 000000e4 T C3D_FrameBegin
001089fc 00000048 T C3D_FrameDrawOn
00108a44 00000058 T C3D_FrameSplit
00108a9c 000001d8 T C3D_FrameEnd
00108c74 0000001c T C3D_FrameEndHook
00108c90 00000128 T C3D_RenderTargetCreate
00108db8 000000a8 T C3D_RenderTargetSetOutput
00108e60 000000fc T C3D_SyncTextureCopy
00108f5c 000002a0 T C3D_TexInitWithParams
001091fc 000000c8 T C3D_TexLoadImage
001092c4 00000044 T C3D_TexBind
00109308 00000074 T C3D_TexDelete
0010937c 0000016c T C3Di_SetTex
001094e8 000003f4 t Tex3DSi_ImportCommon
001098dc 00000038 T Tex3DS_TextureImportStdio
00109914 0000001c T Tex3DS_GetSubTexture
00109930 00000004 T Tex3DS_TextureFree
00109934 0000001c T C3D_CalcColorBufSize
00109950 0000001c T C3D_CalcDepthBufSize
0010996c 00000044 T C3D_SetFrameBuf
001099b0 0000016c T C3Di_FrameBufBind
00109b1c 000000cc T C3D_FrameBufClear
00109be8 00000044 T C3D_FrameBufTransfer
00109c2c 00000034 T C3D_GetTexEnv
00109c60 00000024 T C3Di_TexEnvBind
00109c84 00000070 T C3D_ProcTexInit
00109cf4 00000054 T C3D_ProcTexBind
00109d48 0000005c T C3D_ProcTexLutBind
00109da4 000000a4 T ProcTexLut_FromArray
00109e48 0000017c T C3Di_ProcTexUpdate
00109fc4 00000068 T C3Di_ProcTexDirty
0010a02c 00000024 T BufInfo_Init
0010a050 00000080 T BufInfo_Add
0010a0d0 00000040 T C3D_SetBufInfo
0010a110 00000048 T C3Di_BufInfoBind
0010a158 00000148 T C3D_DrawArrays
0010a2a0 00000040 T C3D_DepthMap
0010a2e0 0000001c T C3D_CullFace
0010a2fc 00000040 T C3D_StencilTest
0010a33c 00000024 T C3D_StencilOp
0010a360 0000001c T C3D_BlendingColor
0010a37c 00000024 T C3D_EarlyDepthTest
0010a3a0 0000002c T C3D_DepthTest
0010a3cc 0000002c T C3D_AlphaTest
0010a3f8 00000050 T C3D_AlphaBlend
0010a448 00000030 T C3D_FragOpMode
0010a478 00000044 T C3D_FragOpShadow
0010a4bc 000001ac T C3Di_EffectBind
0010a668 00000028 T AttrInfo_Init
0010a690 00000098 T AttrInfo_AddLoader
0010a728 00000054 T C3D_SetAttrInfo
0010a77c 00000080 T C3Di_AttrInfoBind
0010a7fc 000000a8 T C3D_ImmSendAttrib
0010a8a4 0000029c T C3D_UpdateUniforms
0010ab40 000000c0 T C3Di_DirtyUniforms
0010ac00 000000d8 T C3Di_LoadShaderUniforms
0010acd8 00000028 T C3Di_ClearShaderUniforms
0010ad00 000000cc T Mtx_Ortho
0010adcc 000000cc T Mtx_OrthoTilt
0010ae98 00000024 t addrMapNodeComparator(rbtree_node const*, rbtree_node const*)
0010aebc 00000004 t addrMapNodeDestructor(rbtree_node*)
0010aec0 00000114 T vramMemAlign
0010afd4 00000008 T vramAlloc
0010afdc 0000005c T vramFree
0010b038 00000024 t addrMapNodeComparator(rbtree_node const*, rbtree_node const*)
0010b05c 00000004 t addrMapNodeDestructor(rbtree_node*)
0010b060 00000120 T linearMemAlign
0010b180 00000008 T linearAlloc
0010b188 0000005c T linearFree
0010b1e4 00000084 T MemPool::CoalesceRight(MemBlock*)
0010b268 00000170 T MemPool::Allocate(MemChunk&, unsigned long, int)
0010b3d8 000000fc T MemPool::Deallocate(MemChunk const&)
0010b4d4 00000008 t romfs_close
0010b4dc 000000c8 t romfs_seek
0010b5a4 00000024 t romfs_dirreset
0010b5c8 000000c8 t fill_dir
0010b690 000002b0 t romfs_dirnext
0010b940 00000084 t romfs_free
0010b9c4 000000d4 t searchForFile.constprop.0
0010ba98 000000d8 t searchForDir.constprop.0
0010bb70 000001c0 t navigateToDir.constprop.0
0010bd30 00000128 t romfs_open
0010be58 0000004c t romfs_chdir
0010bea4 00000070 t romfs_diropen
0010bf14 0000017c t romfs_stat
0010c090 00000008 t romfs_dirclose
0010c098 0000007c t romfs_fstat
0010c114 000000d4 t romfs_read
0010c1e8 00000290 T romfsMountFromFile
0010c478 00000098 T romfsMountFromCurrentProcess
0010c510 0000025c T romfsMountSelf
0010c76c 000000ac T romfsUnmount
0010c818 00000074 T osConvertVirtToPhys
0010c88c 00000054 T osGetTimeRef
0010c8e0 000000e4 T osGetTime
0010c9c4 00000074 T __libctru_gtod
0010ca38 00000034 T __ctru_speedup_config
0010ca6c 0000009c T fontEnsureMapped
0010cb08 0000007c T fontFixPointers
0010cb84 000000fc T fontGlyphIndexFromCodePoint
0010cc80 0000006c T fontGetCharWidthInfo
0010ccec 000001c0 T fontCalcGlyphPos
0010ceac 000000d0 t gfxPresentFramebuffer
0010cf7c 0000001c T gfxIsWide
0010cf98 000000ec T gfxSetScreenFormat
0010d084 00000108 T gfxInit
0010d18c 00000010 T gfxInitDefault
0010d19c 000000b4 T gfxExit
0010d250 000000a0 T gfxGetFramebuffer
0010d2f0 00000030 T gfxScreenSwapBuffers
0010d320 000001e0 T shaderInstanceInit
0010d500 00000018 T shaderInstanceGetUniformLocation
0010d518 0000001c T shaderProgramInit
0010d534 00000064 T shaderProgramFree
0010d598 00000080 T shaderProgramSetVsh
0010d618 000008c0 T shaderProgramConfigure
0010ded8 000001f8 t DVLE_GenerateOutmap.part.0
0010e0d0 000001cc T DVLB_ParseFile
0010e29c 00000038 T DVLB_Free
0010e2d4 00000074 T DVLE_GetUniformRegister
0010e348 00000010 T GX_BindQueue
0010e358 00000078 T GX_ProcessCommandList
0010e3d0 00000074 T GX_MemoryFill
0010e444 00000070 T GX_DisplayTransfer
0010e4b4 00000074 T GX_TextureCopy
0010e528 00000068 t gxCmdQueueDoCommands.part.0
0010e590 000000c8 T gxCmdQueueInterrupt
0010e658 0000004c T gxCmdQueueClear
0010e6a4 000000f8 T gxCmdQueueAdd
0010e79c 00000080 T gxCmdQueueRun
0010e81c 00000060 T gxCmdQueueStop
0010e87c 00000074 T gxCmdQueueWait
0010e8f0 0000013c T GPUCMD_Add
0010ea2c 000000ac T GPUCMD_Split
0010ead8 00000040 T f32tof16
0010eb18 00000040 T f32tof24
0010eb58 00000044 T f32tof31
0010eb9c 000000a4 T cfguInit
0010ec40 0000003c T cfguExit
0010ec7c 00000038 T CFGU_SecureInfoGetRegion
0010ecb4 00000038 T CFGU_GetSystemModel
0010ecec 00000c58 t gspHardwareInit
0010f944 00000254 T gspInit
0010fb98 000000f0 T gspExit
0010fc88 00000010 T gspHasGpuRight
0010fc98 00000098 T gspPresentBuffer
0010fd30 00000030 T gspSetEventCallback
0010fd60 00000050 T gspWaitForEvent
0010fdb0 0000004c T gspWaitForAnyEvent
0010fdfc 00000160 t gspEventThreadMain
0010ff5c 00000130 T gspSubmitGxCommand
0011008c 00000050 T GSPGPU_FlushDataCache
001100dc 00000034 T GSPGPU_SetLcdForceBlack
00110110 00000068 T GSPGPU_AcquireRight
00110178 00000048 T GSPGPU_ReleaseRight
001101c0 0000007c T GSPGPU_ImportDisplayCaptureInfo
0011023c 0000002c T GSPGPU_SaveVramSysArea
00110268 0000002c T GSPGPU_RestoreVramSysArea
00110294 000001b0 t aptConvertScreenForCapture
00110444 00000008 W aptDspSleep
0011044c 00000004 W aptDspWakeup
00110450 00000004 W aptDspCancel
00110454 0000015c T aptSendCommand
001105b0 00000038 t aptExitProcess
001105e8 000002f0 T aptExit
001108d8 000000d8 T aptHandleSleep
001109b0 00000030 T aptHook
001109e0 00000030 T aptUnhook
00110a10 00000084 T APT_SleepIfShellClosed
00110a94 00000084 T aptSetSleepAllowed
00110b18 00000084 T APT_UnlockTransition
00110ba0 00000484 t aptEventHandler
00111024 000000b0 T APT_ReceiveParameter
001110d4 000000b0 t aptReceiveParameter.constprop.0
00111188 000002bc t aptScreenTransfer
00111444 000002d0 t aptWaitForWakeUp.isra.0
00111714 000000f8 T aptJumpToHomeMenu
0011180c 0000004c T aptMainLoop
00111858 00000234 T aptInit
00111a8c 0000007c T APT_CheckNew3DS
00111b08 00000048 T APT_GetSharedFont
00111b50 00000024 W hidShouldUseIrrst
00111b74 0000018c T hidInit
00111d00 000000e8 T hidExit
00111de8 00000294 T hidScanInput
0011207c 00000010 T hidKeysHeld
0011208c 00000010 T hidKeysDown
0011209c 00000010 T hidKeysUp
001120ac 00000018 T hidTouchRead
001120c4 00000074 T ptmSysmInit
00112138 0000003c T ptmSysmExit
00112174 00000034 T PTMSYSM_ConfigureNew3DSCPU
001121a8 000000c8 T fsInit
00112270 0000003c T fsExit
001122ac 00000060 T fsExemptFromSession
0011230c 00000050 T fsUnexemptFromSession
0011235c 000000cc T FSUSER_OpenFile
00112428 000000d4 T FSUSER_OpenFileDirectly
001124fc 000000bc T FSUSER_DeleteFile
001125b8 000000f8 T FSUSER_RenameFile
001126b0 000000bc T FSUSER_DeleteDirectory
0011276c 000000d4 T FSUSER_CreateFile
00112840 000000c4 T FSUSER_CreateDirectory
00112904 000000f8 T FSUSER_RenameDirectory
001129fc 000000b4 T FSUSER_OpenDirectory
00112ab0 00000094 T FSUSER_OpenArchive
00112b44 0000008c T FSUSER_CloseArchive
00112bd0 00000074 T FSUSER_GetSdmcArchiveResource
00112c44 00000064 T FSUSER_IsSdmcWritable
00112ca8 00000058 T FSFILE_Read
00112d00 00000060 T FSFILE_Write
00112d60 00000038 T FSFILE_GetSize
00112d98 00000028 T FSFILE_SetSize
00112dc0 0000003c T FSFILE_Close
00112dfc 00000024 T FSFILE_Flush
00112e20 00000050 T FSDIR_Read
00112e70 0000003c T FSDIR_Close
00112eac 000000cc t buffer_read
00112f78 000000d0 t iov_read
00113048 00000128 t iov_memmove
00113170 000001d8 t decompress_rle
00113348 00000258 t decompress_lzss
001135a0 000002ec t decompress_huff.part.0
0011388c 00000440 t decompress_lz11
00113ccc 00000010 T decompressCallback_Stdio
00113cdc 000000e4 T decompressHeader
00113dc0 00000250 T decompressV
00114010 00000010 T rbtree_init
00114020 000001a0 t do_insert
001141c0 00000008 T rbtree_insert
001141c8 00000090 T rbtree_rotate
00114258 00000338 T rbtree_remove
00114590 00000074 T rbtree_find
00114604 000000e8 T utf16_to_utf8
001146ec 00000064 T decode_utf16
00114750 0000013c T decode_utf8
0011488c 000000c0 T utf8_to_utf16
00114950 000001e0 W __system_allocateHeaps
00114b30 00000038 W __libctru_init
00114b68 000000f0 W __system_initArgv
00114c58 T svcControlMemory
00114c78 T svcQueryMemory
00114ca8 T svcExitProcess
00114cb0 T svcCreateThread
00114cd0 T svcExitThread
00114cd8 T svcSleepThread
00114ce0 T svcReleaseMutex
00114ce8 T svcCreateEvent
00114cfc T svcSignalEvent
00114d04 T svcClearEvent
00114d0c T svcMapMemoryBlock
00114d14 T svcUnmapMemoryBlock
00114d1c T svcCreateAddressArbiter
00114d30 T svcArbitrateAddressNoTimeout
00114d38 T svcCloseHandle
00114d40 T svcWaitSynchronization
00114d48 T svcWaitSynchronizationN
00114d70 T svcDuplicateHandle
00114d84 T svcGetSystemTick
00114d8c T svcConnectToPort
00114da0 T svcSendSyncRequest
00114da8 T svcGetResourceLimit
00114dbc T svcGetResourceLimitLimitValues
00114dc4 T svcGetResourceLimitCurrentValues
00114dcc T svcBreak
00114dd4 W initSystem
00114e24 W __ctru_exit
00114e3c T __aeabi_read_tp
00114e48 0000000c T __sync_init
00114e54 00000018 T __sync_fini
00114e6c 0000002c T syncArbitrateAddress
00114e98 0000001c T LightLock_Init
00114eb4 00000094 T LightLock_Lock
00114f48 00000044 T LightLock_TryLock
00114f8c 00000040 T LightLock_Unlock
00114fcc 00000024 T RecursiveLock_Init
00114ff0 00000030 T RecursiveLock_Lock
00115020 00000078 T RecursiveLock_TryLock
00115098 00000054 T RecursiveLock_Unlock
001150ec 00000040 T LightEvent_Init
0011512c 000000a4 T LightEvent_Clear
001151d0 000000c8 T LightEvent_Signal
00115298 00000058 T LightEvent_TryWait
001152f0 000000b0 T LightEvent_Wait
001153a0 00000084 W envGetHandle
00115424 00000050 W envDestroyHandles
00115474 00000124 T srvInit
00115598 00000058 T srvExit
001155f0 00000080 T srvGetServiceHandleDirect
00115670 00000048 T srvGetServiceHandle
001156b8 00000038 T srvPublishToSubscriber
001156f0 00000188 T threadCreate
00115878 0000002c T threadFree
001158a4 00000024 T threadJoin
001158c8 00000030 T threadGetCurrent
001158f8 00000040 T threadExit
00115938 00000044 t _thread_begin
0011597c 00000094 t mappableFindAddressWithin
00115a10 00000028 T mappableInit
00115a38 00000080 T mappableAlloc
00115ab8 00000004 T mappableFree
00115abc 00000160 T irrstInit
00115c1c 000000cc T irrstExit
00115ce8 000000b0 T irrstScanInput
00115d98 00000024 T irrstKeysHeld
00115dbc 0000000c T srvPmGetSessionHandle
00115dc8 00000050 T rbtree_node_next
00115e18 00000060 T encode_utf16
00115e78 000000fc T encode_utf8
00115f74 00000030 W __appInit
00115fa4 00000030 t __libctru_nanosleep
00115fd4 00000030 t __libctru_get_reent
00116004 000000f8 T __system_initSyscalls
001160fc 00000030 W __appExit
0011612c 00000090 W __libctru_exit
001161bc 00000014 t archive_link
001161d0 00000014 t archive_dirreset
001161e4 00000014 t archive_chmod
001161f8 00000024 t error_cmp
0011621c 00000050 t archive_translate_error
0011626c 000000d4 t archive_seek
00116340 0000007c t _archiveInit.part.0
001163bc 0000008c t archiveFindDevice.part.0
00116448 00000294 t archive_utf16path
001166dc 000000a0 t _archiveUnmountDeviceStruct.part.0
0011677c 00000014 t archive_fchmod
00116790 00000014 t archive_statvfs
001167a4 00000158 t _archiveMountDevice
001168fc 000000e8 t archive_diropen
001169e4 000000a4 t archive_fstat
00116a88 0000006c t archive_close
00116af4 0000006c t archive_fsync
00116b60 00000070 t archive_dirclose
00116bd0 000000e8 t sdmc_statvfs
00116cb8 00000080 t archive_ftruncate
00116d38 000000fc t archive_chdir
00116e34 000000b0 t archive_read
00116ee4 000000ac t archive_unlink
00116f90 000000c8 t archive_rmdir
00117058 000000ec t archive_mkdir
00117144 000001a8 t archive_stat
001172ec 00000184 t archive_rename
00117470 00000168 t archive_dirnext
001175d8 0000012c t archive_write
00117704 000001f0 t archive_open
001178f4 000001a4 T archiveMountSdmc
00117a98 00000054 T archiveUnmountAll
00117af0 0000022c T cosf
00117d1c 00000004 T cosl
00117d20 00000004 T fmodl
00117d24 00000024 t with_errnof
00117d48 0000001c T __math_invalidf
00117d68 00000284 T atan
00117ff0 00000164 T ceil
00118158 000000c0 T cos
00118218 00000014 T fabs
0011822c 000000b8 T ceilf
001182e8 00000174 T floor
00118460 0000026c T sinf
001186cc 00000004 T sinl
001186d0 000000c8 T sin
00118798 00000064 T fmodf
00118800 00000068 T fmod
00118868 00000050 T sqrtf
001188b8 00000058 T sqrt
00118910 000001a4 T __ieee754_fmodf
00118ab4 000003b4 T __ieee754_fmod
00118e68 00000008 T __ieee754_sqrtf
00118e70 00000328 T __ieee754_rem_pio2
00119198 00000008 T __ieee754_sqrt
001191a0 00000158 T __kernel_cos
001192f8 0000088c T __kernel_rem_pio2
00119b88 000000c0 T __kernel_sin
00119c48 0000012c T scalbn
00119d74 00000038 T __aeabi_d2lz
00119d74 00000038 T __fixdfdi
00119db0 00000040 T __aeabi_d2ulz
00119db0 00000040 T __fixunsdfdi
00119df0 00000120 T __udivmoddi4
00119f10 00000078 T bsearch
00119f88 00000028 T calloc
00119fb0 000000bc T _calloc_r
0011a06c 0000000c T __errno
0011a078 00000034 T exit
0011a0ac 00000160 T _fclose_r
0011a20c 00000020 T fclose
0011a22c 00000258 T __sflush_r
0011a484 00000094 T _fflush_r
0011a518 00000038 T fflush
0011a550 0000000c T _cleanup_r
0011a55c 00000184 T __sinit
0011a6e0 00000134 T __sfp
0011a814 0000000c T __sfp_lock_acquire
0011a820 0000000c T __sfp_lock_release
0011a82c 0000003c T __libc_fini_array
0011a868 00000140 T _fopen_r
0011a9a8 00000028 T fopen
0011a9d0 0000003c T fprintf
0011aa0c 000002d4 T _fread_r
0011ace0 00000038 T fread
0011ad18 000000f8 T _malloc_trim_r
0011ae10 000002e4 T _free_r
0011b0f4 0000003c T fscanf
0011b130 0000001c T _fseek_r
0011b14c 00000598 T _fseeko_r
0011b6e4 00000068 T _fwalk
0011b74c 00000070 T _fwalk_reent
0011b7bc 0000007c T __libc_init_array
0011b838 00000138 T __smakebuf_r
0011b970 0000008c T __swhatbuf_r
0011b9fc 00000028 T memalign
0011ba24 00000150 T _memalign_r
0011bb74 00000020 T malloc
0011bb94 00000020 T free
0011bbb4 000007e0 T _malloc_r
0011c394 000000a8 T memcmp
0011c43c 0000011c T memcpy
0011c558 00000154 T memmove
0011c6ac 00000118 T memset
0011c7c4 0000000c T __malloc_lock
0011c7d0 0000000c T __malloc_unlock
0011c7dc 0000001c T srand
0011c7f8 00000044 T rand
0011c83c 00000028 T realloc
0011c864 00000558 T _realloc_r
0011cdbc 0000001c t lflush
0011cdd8 000001ac T __srefill_r
0011cf84 00000260 T setvbuf
0011d1e4 000000cc T snprintf
0011d2b0 00000044 T __sread
0011d2f4 00000068 T __swrite
0011d35c 00000048 T __sseek
0011d3a4 00000008 T __sclose
0011d3ac 0000012c T strchr
0011d4d8 0000005c T strlen
0011d534 000000ec T strncat
0011d620 000000dc T strncmp
0011d6fc 000000c0 T strncpy
0011d7bc 00000048 T strnlen
0011d804 00000628 t get_arg
0011de30 000035b8 T _svfprintf_r
001213e8 0000003c T time
00121424 00000628 t get_arg
00121a50 00003684 T _vfprintf_r
001250d4 000000d4 t __sbprintf
001251a8 00000050 t get_arg
001251f8 00002be4 T __svfscanf_r
00127ddc 0000003c T _vfscanf_r
00127e18 00000054 T _wcrtomb_r
00127e6c 00000028 T _wcsrtombs_r
00127e94 00000154 T __swsetup_r
00127fe8 00000114 T __call_exitprocs
001280fc 000001ac t quorem
001282a8 000012cc T _dtoa_r
00129574 000000cc T __sflags
00129640 00000008 T iswspace
00129648 0000000c T _localeconv_r
00129654 00000010 T __locale_mb_cur_max
00129664 00000068 T _mbrtowc_r
001296cc 000002e4 T __utf8_mbtowc
001299b0 000000e0 T memchr
00129a90 00000088 T _Balloc
00129b18 0000001c T _Bfree
00129b34 000000f4 T __multadd
00129c28 00000110 T __s2b
00129d38 00000058 T __hi0bits
00129d90 00000094 T __lo0bits
00129e24 000000a4 T __i2b
00129ec8 00000204 T __multiply
0012a0cc 00000120 T __pow5mult
0012a1ec 0000013c T __lshift
0012a328 00000058 T __mcmp
0012a380 000001cc T __mdiff
0012a54c 00000074 T __ulp
0012a5c0 000000d0 T __b2d
0012a690 00000124 T __d2b
0012a7b4 00000078 T __ratio
0012a82c 00000088 T __copybits
0012a8b4 0000005c T __any_on
0012a910 000000e4 T __sccl
0012a9f4 0000000c T nanf
0012aa00 000000a8 T frexp
0012aaa8 00000064 T sprintf
0012ab0c 000000b8 T stpncpy
0012abc8 00001368 T _strtod_l
0012bf30 0000000c T _strtod_r
0012bf3c 0000022c t _strtoll_l.constprop.0
0012c168 00000004 T _strtoll_r
0012c16c 000001a4 t _strtol_l.part.0
0012c310 0000003c T _strtol_r
0012c34c 00000244 t _strtoull_l.constprop.0
0012c590 00000004 T _strtoull_r
0012c594 000001c4 t _strtoul_l.constprop.0
0012c758 00000004 T _strtoul_r
0012c75c 00000190 T __ssprint_r
0012c8ec 000000a8 T __submore
0012c994 00000208 T _ungetc_r
0012cb9c 00000628 t get_arg
0012d1c4 00000030 T __sprint_r
0012d1f4 0000233c T _vfiprintf_r
0012f530 000000d4 t __sbprintf
0012f604 00000190 T _wcsnrtombs_l
0012f794 0000004c T _wcsnrtombs_r
0012f7e0 000000f0 T __utf8_wctomb
0012f8d0 00000054 T __assert_func
0012f924 0000003c T fiprintf
0012f960 000004c0 T __sfvwrite_r
0012fe20 000000ec t rshift
0012ff0c 00000904 T __gethex
00130810 0000004c T __match
0013085c 0000029c T __hexnan
00130af8 0000003c T iswspace_l
00130b34 000001d4 t __jp2uc
00130d08 0000009c T _jp2uc_l
00130da8 00000010 T nan
00130db8 00000014 T abort
00130dcc 00000084 T category
00130e50 00000098 T _raise_r
00130ee8 00000020 T raise
00130f08 00000008 t null_write
00130f10 00000018 T setDefaultDevice
00130f28 000000c8 T FindDevice
00130ff0 00000028 T RemoveDevice
00131018 0000009c T AddDevice
001310b4 00000020 T GetDeviceOpTab
001310d4 00000078 T _fstat_r
0013114c 00000014 T _getpid_r
00131160 00000038 T _gettimeofday_r
00131198 00000008 T _isatty_r
001311a0 00000014 T _kill_r
001311b4 00000084 T _lseek_r
00131238 000000c8 T _open_r
00131300 00000080 T _read_r
00131380 00000078 T _sbrk_r
001313f8 00000080 T _write_r
00131478 00000024 T _exit
0013149c 000001b8 T _concatenate_path
00131654 00000160 T chdir
001317b4 00000008 T __flockfile
001317bc 00000008 T __funlockfile
001317c4 00000018 T __libc_lock_acquire
001317dc 00000018 T __libc_lock_release
001317f4 00000018 T __libc_lock_init_recursive
0013180c 00000018 T __libc_lock_acquire_recursive
00131824 00000018 T __libc_lock_release_recursive
0013183c 00000018 T __libc_lock_close_recursive
00131854 0000008c T __release_handle
001318e0 000000b4 T __alloc_handle
00131994 0000003c T __get_handle
001319d0 000000f4 T _close_r
00131ac4 00000028 T __getreent
00131aec 00000044 T strrchr
00131b30 T _fini
001322b4 R render2d_shbin
00132440 R render2d_shbin_end
00132440 R render2d_shbin_size
00132444 00000038 r CSWTCH.18
0013247c 00000005 r colorFmtSizes
00132484 00000004 r depthFmtSizes
00132488 00000010 r CSWTCH.9
001324bc 00000070 r romFS_devoptab
00132568 00000008 r morton_x.3
00132570 00000008 r morton_y.2
00132578 00000008 r s_sleepWakeEvents.4
001325d8 00000070 r archive_devoptab
00132648 00000030 r error_table
00132678 00000020 r atanhi
00132698 00000020 r atanlo
001326b8 00000060 R __inv_pio4
00132718 000000e0 R __sincosf_table
001327f8 00000008 r Zero
00132800 00000010 r Zero
00132810 00000080 r npio2_hw
00132890 00000108 r two_over_pi
00132998 00000040 r PIo2
001329d8 00000010 r init_jk
001329e8 00000004 R _global_impure_ptr
00132a28 00000010 r blanks.1
00132a38 00000010 r zeroes.0
00132a48 00000010 r blanks.1
00132a58 00000010 r zeroes.0
00132a70 00000022 r basefix.0
00132a94 00000101 R _ctype_
00132ba8 r .LC2
00132c88 00000028 R __mprec_bigtens
00132cb0 000000c8 R __mprec_tens
00132d78 0000000c r p05.0
00132d94 00000014 r fpi.1
00132da8 00000014 r fpinan.0
00132dc0 00000028 r tinytens
00132de8 0000006c R __action_table
00132e54 00000100 R __chclass
00132f54 0000006c R __state_table
00132fc0 00000010 r blanks.1
00132fd0 00000010 r zeroes.0
00133068 00000100 R __hexdig
0013317c 000000bc r a1
00133238 000000bc r a2
001332f4 0000005b r a3
00133350 00000070 r a6
001333c0 000000a2 r a7
00133464 00000040 r a8
001334a4 0000172a r b02cf
00134bd0 00001a7c r d02f4
0013664c 0000000c R _C_numeric_locale
00136658 000031e6 r categories
00139840 00000070 R dotab_stdnull
001398b0 r 
001398b0 R __exidx_end
001398b0 R __exidx_start
0013a000 00000004 D wideModifier
0013a004 00000001 D sysRegion
0013a008 00000004 d framerate
0013a00c 00000008 d framerateCounter
0013a014 00000004 d queueLock
0013a018 00000004 d kCount
0013a01c 00000004 d kDelay
0013a020 00000004 d kInterval
0013a024 W __stacksize__
0013a028 0000000c d __sfp_recursive_mutex
0013a034 0000000c d __sinit_recursive_mutex
0013a040 00000004 D _impure_ptr
0013a048 00000460 d impure_data
0013a4a8 00000408 D __malloc_av_
0013a8b0 00000004 D __malloc_sbrk_base
0013a8b4 00000004 D __malloc_trim_threshold
0013a8b8 0000000c d __malloc_recursive_mutex
0013a8c4 0000000c D __atexit_recursive_mutex
0013a8d0 0000016c D __global_locale
0013aa3c 00000002 d numempty
0013aa40 00000004 d defaultDevice
0013aa44 0000008c D devoptab_list
0013aad0 00000400 d _current_working_directory
0013aed0 00000004 d __hndl_lock
0013aed4 0000000c d __stderr_handle
0013aee0 0000000c d __stdin_handle
0013aeec 0000000c d __stdout_handle
0013aef8 00001000 d handles
0013bf00 d _GLOBAL_OFFSET_TABLE_
0013bf0c d __frame_dummy_init_array_entry
0013bf0c D __init_array_start
0013bf0c B __preinit_array_end
0013bf0c B __preinit_array_start
0013bf0c D __tdata_lma
0013bf0c D __tdata_lma_end
0013bf10 d __do_global_dtors_aux_fini_array_entry
0013bf10 D __fini_array_start
0013bf10 D __init_array_end
0013bf14 D __bss_start__
0013bf14 D __fini_array_end
0013bf14 00000004 b numPoppingBubbles
0013bf18 000001e0 b poppingBubbles
0013c0f8 00000004 b numBubbles
0013c0fc 000006e0 b bubbles
0013c7dc 00000004 b blueSheet
0013c7e0 00000004 b yellowSheet
0013c7e4 00000004 b purpleSheet
0013c7e8 00000004 b nullBubbleSheet
0013c7ec 00000004 b redSheet
0013c7f0 00000004 b activeDarts
0013c7f4 00000004 b dartSheet
0013c7f8 00000550 b darts
0013cd48 00000001 B consoleModel
0013cd4c 00000004 b firingSheet
0013cd50 00000004 b buttonSheet
0013cd54 00000004 b buttonOutlineSheet
0013cd58 00000004 b cornerSheet
0013cd5c 00000004 b regularFont
0013cd60 00000004 b lightFont
0013cd64 00000004 b mediumFont
0013cd68 00000004 b boldFont
0013cd6c b completed.1
0013cd70 b object.0
0013cd88 000005a0 B __C2Di_Context
0013d328 00000040 b s_projBot
0013d368 00000040 b s_projTop
0013d3a8 00000004 b uLoc_mdlvMtx
0013d3ac 00000004 b uLoc_projMtx
0013d3b0 00000004 b s_glyphSheets
0013d3b4 00000004 b s_textScale
0013d3b8 000002d0 B __C3D_Context
0013d688 0000000c b hookCookie
0013d698 00000010 b cpuTime
0013d6a8 00000004 b firstTarget
0013d6ac 00000008 b frameCounter
0013d6b4 00000004 b frameEndCb
0013d6b8 00000004 b frameEndCbData
0013d6c0 00000010 b gpuTime
0013d6d0 00000001 b inFrame
0013d6d1 00000001 b inSafeTransfer
0013d6d2 00000001 b isTopStereo
0013d6d4 00000004 b lastTarget
0013d6d8 0000000c b linkedTarget
0013d6e4 00000001 b measureGpuTime
0013d6e5 00000001 b needSwapBot
0013d6e6 00000001 b needSwapTop
0013d6e8 00000004 B C3D_BoolUnifs
0013d6ec 00000002 B C3D_BoolUnifsDirty
0013d6f0 00000c00 B C3D_FVUnif
0013e2f0 000000c0 B C3D_FVUnifDirty
0013e3b0 00000020 B C3D_IVUnif
0013e3d0 00000008 B C3D_IVUnifDirty
0013e3d8 000000c0 b C3Di_FVUnifEverDirty
0013e498 00000008 b C3Di_IVUnifEverDirty
0013e4a0 00000018 b C3Di_ShaderFVecData
0013e4b8 0000000c b sAddrMap
0013e4c4 00000008 b sVramPool
0013e4cc 00000008 b sLinearPool
0013e4d4 0000000c b sAddrMap
0013e4e0 00000004 V __romfs_path
0013e4e4 00000004 b romfs_mount_list
0013e4e8 00000001 V __ctru_speedup
0013e4ec 00000004 B g_sharedFont
0013e4f0 00000004 b sharedFontAddr
0013e4f4 00000004 b gfxBottomFramebufferMaxSize
0013e4f8 00000008 b gfxBottomFramebuffers
0013e500 00000002 b gfxCurBuf
0013e504 00000002 b gfxFramebufferFormats
0013e508 00000002 b gfxIsDoubleBuf
0013e50a 00000001 b gfxIsVram
0013e50c 00000004 b gfxTopFramebufferMaxSize
0013e510 00000008 b gfxTopFramebuffers
0013e518 00000001 b gfxTopMode
0013e51c 00000004 b screenAlloc
0013e520 00000004 b screenFree
0013e524 00000004 b boundQueue
0013e528 00000004 b curQueue
0013e52c 00000001 b isActive
0013e52d 00000001 b isRunning
0013e52e 00000001 b shouldStop
0013e530 00000004 B gpuCmdBuf
0013e534 00000004 B gpuCmdBufOffset
0013e538 00000004 B gpuCmdBufSize
0013e53c 00000004 b cfguHandle
0013e540 00000004 b cfguRefCount
0013e544 00000004 b gspEvent
0013e548 0000001c b gspEventCb
0013e564 0000001c b gspEventCbData
0013e580 00000007 b gspEventCbOneShot
0013e588 00000004 b gspEventThread
0013e58c 00000038 b gspEvents
0013e5c4 00000004 b gspGpuHandle
0013e5c8 00000001 b gspGpuRight
0013e5cc 00000004 b gspLastEvent
0013e5d0 00000004 b gspRefCount
0013e5d4 00000001 b gspRunEvents
0013e5d8 00000004 b gspSharedMem
0013e5dc 00000004 b gspSharedMemHandle
0013e5e0 00000001 b gspThreadId
0013e5e1 00000001 b aptChainloadFlags
0013e5e2 00000001 b aptChainloadMediatype
0013e5e8 00000008 b aptChainloadTid
0013e5f0 00000004 b aptEventHandlerThread
0013e5f4 00000001 b aptEventHandlerThreadQuit
0013e5f8 00000008 b aptEvents
0013e600 0000000c b aptFirstHook
0013e60c 00000004 b aptFlags
0013e610 00000001 b aptHomeButtonState
0013e614 00000004 b aptLockHandle
0013e618 00000004 b aptMessageFunc
0013e61c 00000004 b aptMessageFuncData
0013e620 00001000 b aptParameters
0013f620 00000008 b aptReceiveEvent
0013f628 00000004 b aptRefCount
0013f62c 00000008 b aptSleepEvent
0013f634 00000001 b flagInit.1
0013f635 00000001 b flagValue.0
0013f638 00000004 b serviceName.6
0013f63c 00000006 b aVec
0013f644 00000004 b cPos
0013f648 00000006 b gRate
0013f650 00000014 B hidEvents
0013f664 00000004 B hidHandle
0013f668 00000004 B hidMemHandle
0013f66c 00000004 b hidRefCount
0013f670 00000004 B hidSharedMem
0013f674 00000004 b kDown
0013f678 00000004 b kHeld
0013f67c 00000004 b kOld
0013f680 00000004 b kRepeat
0013f684 00000004 b kUp
0013f688 00000004 b tPos
0013f68c 00000001 b usingIrrst
0013f690 00000004 b ptmSysmHandle
0013f694 00000004 b ptmSysmRefCount
0013f698 00000080 b fsExemptArchives
0013f718 00000004 b fsuHandle
0013f71c 00000004 b fsuRefCount
0013f720 00000004 B __ctru_heap
0013f724 00000004 V __ctru_heap_size
0013f728 00000004 B __ctru_linear_heap
0013f72c 00000004 V __ctru_linear_heap_size
0013f730 00000004 B __system_retAddr
0013f734 00000004 B __system_argc
0013f738 00000004 B __system_argv
0013f73c b saved_stack
0013f744 00000004 b arbiter
0013f748 00000004 b srvHandle
0013f74c 00000004 b srvRefCount
0013f750 00000004 b currentAddr
0013f754 00000004 b maxAddr
0013f758 00000004 b minAddr
0013f75c 00000004 b csPos
0013f760 00000004 B irrstEvent
0013f764 00000004 B irrstHandle
0013f768 00000004 B irrstMemHandle
0013f76c 00000004 b irrstRefCount
0013f770 00000004 B irrstSharedMem
0013f774 00000004 b kHeld
0013f778 00000004 b srvPmHandle
0013f77c 00000004 b archive_device_cwd
0013f780 00000540 b archive_devices
0013fcc0 00000001 b archive_initialized
0013fcc4 00000028 B __malloc_current_mallinfo
0013fcec 00000004 B __malloc_max_sbrked_mem
0013fcf0 00000004 B __malloc_max_total_mem
0013fcf4 00000004 B __malloc_top_pad
0013fcf8 00000004 b heap_start.0
0013fcfc 00000004 B fake_heap_end
0013fd00 00000004 B fake_heap_start
0013fd04 00000400 b temp_cwd
00140104 00000048 B __syscalls
0014014c B __tls_start
00140d54 B __bss_end__
00140d54 A __end__
00140d54 B __tls_end
