         w __deregister_frame_info
         w __register_frame_info
         w userAppExit
         w userAppInit
00000000 b _TLS_MODULE_BASE_
00000000 00000401 B __ctru_dev_path_buf
00000000 a shift
00000000 a shift
00000404 00000802 B __ctru_dev_utf16_buf
00100000 A __start__
00100000 T _start
00100008 T __service_ptr
0010000c T __apt_appid
00100010 T __heap_size
00100014 T __linear_heap_size
00100018 T __system_arglist
0010001c T __system_runflags
00100020 t startup
00100058 t ClearMem
0010006c t ClrLoop
00100094 T _init
001000ac t .udivsi3_skip_div0_test
001000ac T __aeabi_uidiv
001000ac 000001ec T __udivsi3
00100298 00000020 T __aeabi_uidivmod
001002b8 T __aeabi_idiv
001002b8 00000220 T __divsi3
001002c0 t .divsi3_skip_div0_test
001004d8 00000020 T __aeabi_idivmod
001004f8 00000004 W __aeabi_idiv0
001004f8 00000004 W __aeabi_ldiv0
001004fc T __aeabi_drsub
00100504 000002b0 T __aeabi_dsub
00100504 000002b0 T __subdf3
00100508 000002ac T __adddf3
00100508 000002ac T __aeabi_dadd
001007b4 00000024 T __aeabi_ui2d
001007b4 00000024 T __floatunsidf
001007d8 00000028 T __aeabi_i2d
001007d8 00000028 T __floatsidf
00100800 00000048 T __aeabi_f2d
00100800 00000048 T __extendsfdf2
00100848 00000074 T __aeabi_ul2d
00100848 00000074 T __floatundidf
0010085c 00000060 T __aeabi_l2d
0010085c 00000060 T __floatdidf
001008bc T __aeabi_ldivmod
00100990 T __aeabi_uldivmod
001009e8 00000390 T strcmp
00100d70 t __do_global_dtors_aux
00100db0 t frame_dummy
00100ddc 00000064 t C2D_SpriteFromSheet
00100e40 0000006c t C2D_DrawImageAt.constprop.3
00100eac 00000054 t C2D_Color32f.constprop.0
00100f00 000003c4 T makeBubble
001012c8 00000300 T makeBubbleMenu
001015c8 000002f4 T makeBubbleType
001018bc 0000010c T makeDart
001019c8 0000035c T doMovement
00101d24 00000220 T updateAnimation
00101f48 00003034 T main
00104f7c 00000034 t C2Di_FrameEndHook
00104fb0 00000330 T C2D_Init
001052e0 00000044 T C2D_Fini
00105324 000000d0 T C2D_Prepare
001053f4 0000003c T C2D_Flush
00105430 00000108 T C2D_SceneSize
00105538 00000058 T C2D_CreateScreenTarget
00105590 00000058 T C2D_TargetClear
001055e8 00000020 T C2D_Fade
00105608 0000013c T C2Di_CalcQuad
00105744 00000040 T C2Di_AppendVtx
00105784 0000022c T C2Di_Update
001059b0 000002f8 T C2D_DrawImage
00105ca8 00000134 T C2D_DrawTriangle
00105ddc 00000220 T C2D_DrawLine
00105ffc 00000140 t C2Di_CalcLineWidths
0010613c 000001d0 T C2D_TextBufNew
0010630c 0000000c T C2D_TextBufClear
00106318 000001c8 T C2D_TextFontParseLine
001064e0 000000a8 T C2D_TextFontParse
00106588 000000c0 T C2D_TextGetDimensions
00106648 000010d4 T C2D_DrawText
0010771c 0000006c T C2D_SpriteSheetLoadFromHandle
00107788 00000048 T C2D_SpriteSheetLoad
001077d0 00000028 T C2D_SpriteSheetFree
001077f8 0000002c T C2D_SpriteSheetGetImage
00107824 00000028 T C2D_FontFree
0010784c 000000f0 t C2Di_PostLoadFont
0010793c 000000b4 T C2D_FontLoadFromHandle
001079f0 00000034 T C2D_FontLoad
00107a24 00000044 T C2D_FontGlyphIndexFromCodePoint
00107a68 00000078 T C2D_FontCalcGlyphPos
00107ae0 00000004 W C3Di_LightEnvUpdate
00107ae4 00000004 W C3Di_LightEnvDirty
00107ae8 000000b4 t C3Di_AptEventHook
00107b9c 00000004 W C3Di_GasUpdate
00107ba0 000001e0 T C3D_Init
00107d80 00000098 T C3D_SetViewport
00107e18 000004ec T C3Di_UpdateContext
00108304 000000e0 T C3Di_SplitFrame
001083e4 00000044 T C3D_Fini
00108428 00000108 T C3D_BindProgram
00108530 0000004c t onVBlank0
0010857c 0000004c t onVBlank1
001085c8 00000080 t C3Di_RenderTargetDestroy
00108648 000000f4 t onQueueFinish
0010873c 00000038 T C3Di_RenderQueueEnableVBlank
00108774 00000030 T C3Di_RenderQueueDisableVBlank
001087a4 00000060 T C3Di_RenderQueueInit
00108804 000000b0 T C3Di_RenderQueueExit
001088b4 00000034 T C3Di_RenderQueueWaitDone
001088e8 000000e4 T C3D_FrameBegin
001089cc 00000048 T C3D_FrameDrawOn
00108a14 00000058 T C3D_FrameSplit
00108a6c 000001d8 T C3D_FrameEnd
00108c44 0000001c T C3D_FrameEndHook
00108c60 00000128 T C3D_RenderTargetCreate
00108d88 000000a8 T C3D_RenderTargetSetOutput
00108e30 000000fc T C3D_SyncTextureCopy
00108f2c 000002a0 T C3D_TexInitWithParams
001091cc 000000c8 T C3D_TexLoadImage
00109294 00000044 T C3D_TexBind
001092d8 00000074 T C3D_TexDelete
0010934c 0000016c T C3Di_SetTex
001094b8 000003f4 t Tex3DSi_ImportCommon
001098ac 00000038 T Tex3DS_TextureImportStdio
001098e4 0000001c T Tex3DS_GetSubTexture
00109900 00000004 T Tex3DS_TextureFree
00109904 0000001c T C3D_CalcColorBufSize
00109920 0000001c T C3D_CalcDepthBufSize
0010993c 00000044 T C3D_SetFrameBuf
00109980 0000016c T C3Di_FrameBufBind
00109aec 000000cc T C3D_FrameBufClear
00109bb8 00000044 T C3D_FrameBufTransfer
00109bfc 00000034 T C3D_GetTexEnv
00109c30 00000024 T C3Di_TexEnvBind
00109c54 00000070 T C3D_ProcTexInit
00109cc4 00000054 T C3D_ProcTexBind
00109d18 0000005c T C3D_ProcTexLutBind
00109d74 000000a4 T ProcTexLut_FromArray
00109e18 0000017c T C3Di_ProcTexUpdate
00109f94 00000068 T C3Di_ProcTexDirty
00109ffc 00000024 T BufInfo_Init
0010a020 00000080 T BufInfo_Add
0010a0a0 00000040 T C3D_SetBufInfo
0010a0e0 00000048 T C3Di_BufInfoBind
0010a128 00000148 T C3D_DrawArrays
0010a270 00000040 T C3D_DepthMap
0010a2b0 0000001c T C3D_CullFace
0010a2cc 00000040 T C3D_StencilTest
0010a30c 00000024 T C3D_StencilOp
0010a330 0000001c T C3D_BlendingColor
0010a34c 00000024 T C3D_EarlyDepthTest
0010a370 0000002c T C3D_DepthTest
0010a39c 0000002c T C3D_AlphaTest
0010a3c8 00000050 T C3D_AlphaBlend
0010a418 00000030 T C3D_FragOpMode
0010a448 00000044 T C3D_FragOpShadow
0010a48c 000001ac T C3Di_EffectBind
0010a638 00000028 T AttrInfo_Init
0010a660 00000098 T AttrInfo_AddLoader
0010a6f8 00000054 T C3D_SetAttrInfo
0010a74c 00000080 T C3Di_AttrInfoBind
0010a7cc 000000a8 T C3D_ImmSendAttrib
0010a874 0000029c T C3D_UpdateUniforms
0010ab10 000000c0 T C3Di_DirtyUniforms
0010abd0 000000d8 T C3Di_LoadShaderUniforms
0010aca8 00000028 T C3Di_ClearShaderUniforms
0010acd0 000000cc T Mtx_Ortho
0010ad9c 000000cc T Mtx_OrthoTilt
0010ae68 00000024 t addrMapNodeComparator(rbtree_node const*, rbtree_node const*)
0010ae8c 00000004 t addrMapNodeDestructor(rbtree_node*)
0010ae90 00000114 T vramMemAlign
0010afa4 00000008 T vramAlloc
0010afac 0000005c T vramFree
0010b008 00000024 t addrMapNodeComparator(rbtree_node const*, rbtree_node const*)
0010b02c 00000004 t addrMapNodeDestructor(rbtree_node*)
0010b030 00000120 T linearMemAlign
0010b150 00000008 T linearAlloc
0010b158 0000005c T linearFree
0010b1b4 00000084 T MemPool::CoalesceRight(MemBlock*)
0010b238 00000170 T MemPool::Allocate(MemChunk&, unsigned long, int)
0010b3a8 000000fc T MemPool::Deallocate(MemChunk const&)
0010b4a4 00000008 t romfs_close
0010b4ac 000000c8 t romfs_seek
0010b574 00000024 t romfs_dirreset
0010b598 000000c8 t fill_dir
0010b660 000002b0 t romfs_dirnext
0010b910 00000084 t romfs_free
0010b994 000000d4 t searchForFile.constprop.0
0010ba68 000000d8 t searchForDir.constprop.0
0010bb40 000001c0 t navigateToDir.constprop.0
0010bd00 00000128 t romfs_open
0010be28 0000004c t romfs_chdir
0010be74 00000070 t romfs_diropen
0010bee4 0000017c t romfs_stat
0010c060 00000008 t romfs_dirclose
0010c068 0000007c t romfs_fstat
0010c0e4 000000d4 t romfs_read
0010c1b8 00000290 T romfsMountFromFile
0010c448 00000098 T romfsMountFromCurrentProcess
0010c4e0 0000025c T romfsMountSelf
0010c73c 000000ac T romfsUnmount
0010c7e8 00000074 T osConvertVirtToPhys
0010c85c 00000054 T osGetTimeRef
0010c8b0 000000e4 T osGetTime
0010c994 00000074 T __libctru_gtod
0010ca08 00000034 T __ctru_speedup_config
0010ca3c 0000009c T fontEnsureMapped
0010cad8 0000007c T fontFixPointers
0010cb54 000000fc T fontGlyphIndexFromCodePoint
0010cc50 0000006c T fontGetCharWidthInfo
0010ccbc 000001c0 T fontCalcGlyphPos
0010ce7c 000000d0 t gfxPresentFramebuffer
0010cf4c 0000001c T gfxIsWide
0010cf68 000000ec T gfxSetScreenFormat
0010d054 00000108 T gfxInit
0010d15c 00000010 T gfxInitDefault
0010d16c 000000b4 T gfxExit
0010d220 000000a0 T gfxGetFramebuffer
0010d2c0 00000030 T gfxScreenSwapBuffers
0010d2f0 000001e0 T shaderInstanceInit
0010d4d0 00000018 T shaderInstanceGetUniformLocation
0010d4e8 0000001c T shaderProgramInit
0010d504 00000064 T shaderProgramFree
0010d568 00000080 T shaderProgramSetVsh
0010d5e8 000008c0 T shaderProgramConfigure
0010dea8 000001f8 t DVLE_GenerateOutmap.part.0
0010e0a0 000001cc T DVLB_ParseFile
0010e26c 00000038 T DVLB_Free
0010e2a4 00000074 T DVLE_GetUniformRegister
0010e318 00000010 T GX_BindQueue
0010e328 00000078 T GX_ProcessCommandList
0010e3a0 00000074 T GX_MemoryFill
0010e414 00000070 T GX_DisplayTransfer
0010e484 00000074 T GX_TextureCopy
0010e4f8 00000068 t gxCmdQueueDoCommands.part.0
0010e560 000000c8 T gxCmdQueueInterrupt
0010e628 0000004c T gxCmdQueueClear
0010e674 000000f8 T gxCmdQueueAdd
0010e76c 00000080 T gxCmdQueueRun
0010e7ec 00000060 T gxCmdQueueStop
0010e84c 00000074 T gxCmdQueueWait
0010e8c0 0000013c T GPUCMD_Add
0010e9fc 000000ac T GPUCMD_Split
0010eaa8 00000040 T f32tof16
0010eae8 00000040 T f32tof24
0010eb28 00000044 T f32tof31
0010eb6c 00000c58 t gspHardwareInit
0010f7c4 00000254 T gspInit
0010fa18 000000f0 T gspExit
0010fb08 00000010 T gspHasGpuRight
0010fb18 00000098 T gspPresentBuffer
0010fbb0 00000030 T gspSetEventCallback
0010fbe0 00000050 T gspWaitForEvent
0010fc30 0000004c T gspWaitForAnyEvent
0010fc7c 00000160 t gspEventThreadMain
0010fddc 00000130 T gspSubmitGxCommand
0010ff0c 00000050 T GSPGPU_FlushDataCache
0010ff5c 00000034 T GSPGPU_SetLcdForceBlack
0010ff90 00000068 T GSPGPU_AcquireRight
0010fff8 00000048 T GSPGPU_ReleaseRight
00110040 0000007c T GSPGPU_ImportDisplayCaptureInfo
001100bc 0000002c T GSPGPU_SaveVramSysArea
001100e8 0000002c T GSPGPU_RestoreVramSysArea
00110114 000001b0 t aptConvertScreenForCapture
001102c4 00000008 W aptDspSleep
001102cc 00000004 W aptDspWakeup
001102d0 00000004 W aptDspCancel
001102d4 0000015c T aptSendCommand
00110430 00000038 t aptExitProcess
00110468 000002f0 T aptExit
00110758 000000d8 T aptHandleSleep
00110830 00000030 T aptHook
00110860 00000030 T aptUnhook
00110890 00000084 T APT_SleepIfShellClosed
00110914 00000084 T aptSetSleepAllowed
00110998 00000084 T APT_UnlockTransition
00110a20 00000484 t aptEventHandler
00110ea4 000000b0 T APT_ReceiveParameter
00110f54 000000b0 t aptReceiveParameter.constprop.0
00111008 000002bc t aptScreenTransfer
001112c4 000002d0 t aptWaitForWakeUp.isra.0
00111594 000000f8 T aptJumpToHomeMenu
0011168c 0000004c T aptMainLoop
001116d8 00000234 T aptInit
0011190c 0000007c T APT_CheckNew3DS
00111988 00000048 T APT_GetSharedFont
001119d0 00000024 W hidShouldUseIrrst
001119f4 0000018c T hidInit
00111b80 000000e8 T hidExit
00111c68 00000294 T hidScanInput
00111efc 00000010 T hidKeysHeld
00111f0c 00000010 T hidKeysDown
00111f1c 00000010 T hidKeysUp
00111f2c 00000018 T hidTouchRead
00111f44 00000074 T ptmSysmInit
00111fb8 0000003c T ptmSysmExit
00111ff4 00000034 T PTMSYSM_ConfigureNew3DSCPU
00112028 000000c8 T fsInit
001120f0 0000003c T fsExit
0011212c 00000060 T fsExemptFromSession
0011218c 00000050 T fsUnexemptFromSession
001121dc 000000cc T FSUSER_OpenFile
001122a8 000000d4 T FSUSER_OpenFileDirectly
0011237c 000000bc T FSUSER_DeleteFile
00112438 000000f8 T FSUSER_RenameFile
00112530 000000bc T FSUSER_DeleteDirectory
001125ec 000000d4 T FSUSER_CreateFile
001126c0 000000c4 T FSUSER_CreateDirectory
00112784 000000f8 T FSUSER_RenameDirectory
0011287c 000000b4 T FSUSER_OpenDirectory
00112930 00000094 T FSUSER_OpenArchive
001129c4 0000008c T FSUSER_CloseArchive
00112a50 00000074 T FSUSER_GetSdmcArchiveResource
00112ac4 00000064 T FSUSER_IsSdmcWritable
00112b28 00000058 T FSFILE_Read
00112b80 00000060 T FSFILE_Write
00112be0 00000038 T FSFILE_GetSize
00112c18 00000028 T FSFILE_SetSize
00112c40 0000003c T FSFILE_Close
00112c7c 00000024 T FSFILE_Flush
00112ca0 00000050 T FSDIR_Read
00112cf0 0000003c T FSDIR_Close
00112d2c 000000cc t buffer_read
00112df8 000000d0 t iov_read
00112ec8 00000128 t iov_memmove
00112ff0 000001d8 t decompress_rle
001131c8 00000258 t decompress_lzss
00113420 000002ec t decompress_huff.part.0
0011370c 00000440 t decompress_lz11
00113b4c 00000010 T decompressCallback_Stdio
00113b5c 000000e4 T decompressHeader
00113c40 00000250 T decompressV
00113e90 00000010 T rbtree_init
00113ea0 000001a0 t do_insert
00114040 00000008 T rbtree_insert
00114048 00000090 T rbtree_rotate
001140d8 00000338 T rbtree_remove
00114410 00000074 T rbtree_find
00114484 000000e8 T utf16_to_utf8
0011456c 00000064 T decode_utf16
001145d0 0000013c T decode_utf8
0011470c 000000c0 T utf8_to_utf16
001147d0 000001e0 W __system_allocateHeaps
001149b0 00000038 W __libctru_init
001149e8 000000f0 W __system_initArgv
00114ad8 T svcControlMemory
00114af8 T svcQueryMemory
00114b28 T svcExitProcess
00114b30 T svcCreateThread
00114b50 T svcExitThread
00114b58 T svcSleepThread
00114b60 T svcReleaseMutex
00114b68 T svcCreateEvent
00114b7c T svcSignalEvent
00114b84 T svcClearEvent
00114b8c T svcMapMemoryBlock
00114b94 T svcUnmapMemoryBlock
00114b9c T svcCreateAddressArbiter
00114bb0 T svcArbitrateAddressNoTimeout
00114bb8 T svcCloseHandle
00114bc0 T svcWaitSynchronization
00114bc8 T svcWaitSynchronizationN
00114bf0 T svcDuplicateHandle
00114c04 T svcGetSystemTick
00114c0c T svcConnectToPort
00114c20 T svcSendSyncRequest
00114c28 T svcGetResourceLimit
00114c3c T svcGetResourceLimitLimitValues
00114c44 T svcGetResourceLimitCurrentValues
00114c4c T svcBreak
00114c54 W initSystem
00114ca4 W __ctru_exit
00114cbc T __aeabi_read_tp
00114cc8 0000000c T __sync_init
00114cd4 00000018 T __sync_fini
00114cec 0000002c T syncArbitrateAddress
00114d18 0000001c T LightLock_Init
00114d34 00000094 T LightLock_Lock
00114dc8 00000044 T LightLock_TryLock
00114e0c 00000040 T LightLock_Unlock
00114e4c 00000024 T RecursiveLock_Init
00114e70 00000030 T RecursiveLock_Lock
00114ea0 00000078 T RecursiveLock_TryLock
00114f18 00000054 T RecursiveLock_Unlock
00114f6c 00000040 T LightEvent_Init
00114fac 000000a4 T LightEvent_Clear
00115050 000000c8 T LightEvent_Signal
00115118 00000058 T LightEvent_TryWait
00115170 000000b0 T LightEvent_Wait
00115220 00000084 W envGetHandle
001152a4 00000050 W envDestroyHandles
001152f4 00000124 T srvInit
00115418 00000058 T srvExit
00115470 00000080 T srvGetServiceHandleDirect
001154f0 00000048 T srvGetServiceHandle
00115538 00000038 T srvPublishToSubscriber
00115570 00000188 T threadCreate
001156f8 0000002c T threadFree
00115724 00000024 T threadJoin
00115748 00000030 T threadGetCurrent
00115778 00000040 T threadExit
001157b8 00000044 t _thread_begin
001157fc 00000094 t mappableFindAddressWithin
00115890 00000028 T mappableInit
001158b8 00000080 T mappableAlloc
00115938 00000004 T mappableFree
0011593c 00000160 T irrstInit
00115a9c 000000cc T irrstExit
00115b68 000000b0 T irrstScanInput
00115c18 00000024 T irrstKeysHeld
00115c3c 0000000c T srvPmGetSessionHandle
00115c48 00000050 T rbtree_node_next
00115c98 00000060 T encode_utf16
00115cf8 000000fc T encode_utf8
00115df4 00000030 W __appInit
00115e24 00000030 t __libctru_nanosleep
00115e54 00000030 t __libctru_get_reent
00115e84 000000f8 T __system_initSyscalls
00115f7c 00000030 W __appExit
00115fac 00000090 W __libctru_exit
0011603c 00000014 t archive_link
00116050 00000014 t archive_dirreset
00116064 00000014 t archive_chmod
00116078 00000024 t error_cmp
0011609c 00000050 t archive_translate_error
001160ec 000000d4 t archive_seek
001161c0 0000007c t _archiveInit.part.0
0011623c 0000008c t archiveFindDevice.part.0
001162c8 00000294 t archive_utf16path
0011655c 000000a0 t _archiveUnmountDeviceStruct.part.0
001165fc 00000014 t archive_fchmod
00116610 00000014 t archive_statvfs
00116624 00000158 t _archiveMountDevice
0011677c 000000e8 t archive_diropen
00116864 000000a4 t archive_fstat
00116908 0000006c t archive_close
00116974 0000006c t archive_fsync
001169e0 00000070 t archive_dirclose
00116a50 000000e8 t sdmc_statvfs
00116b38 00000080 t archive_ftruncate
00116bb8 000000fc t archive_chdir
00116cb4 000000b0 t archive_read
00116d64 000000ac t archive_unlink
00116e10 000000c8 t archive_rmdir
00116ed8 000000ec t archive_mkdir
00116fc4 000001a8 t archive_stat
0011716c 00000184 t archive_rename
001172f0 00000168 t archive_dirnext
00117458 0000012c t archive_write
00117584 000001f0 t archive_open
00117774 000001a4 T archiveMountSdmc
00117918 00000054 T archiveUnmountAll
00117970 0000022c T cosf
00117b9c 00000004 T cosl
00117ba0 00000004 T fmodl
00117ba4 00000024 t with_errnof
00117bc8 0000001c T __math_invalidf
00117be8 00000284 T atan
00117e70 00000164 T ceil
00117fd8 000000c0 T cos
00118098 00000014 T fabs
001180ac 000000b8 T ceilf
00118168 00000174 T floor
001182e0 0000026c T sinf
0011854c 00000004 T sinl
00118550 000000c8 T sin
00118618 00000064 T fmodf
00118680 00000068 T fmod
001186e8 00000050 T sqrtf
00118738 00000058 T sqrt
00118790 000001a4 T __ieee754_fmodf
00118934 000003b4 T __ieee754_fmod
00118ce8 00000008 T __ieee754_sqrtf
00118cf0 00000328 T __ieee754_rem_pio2
00119018 00000008 T __ieee754_sqrt
00119020 00000158 T __kernel_cos
00119178 0000088c T __kernel_rem_pio2
00119a08 000000c0 T __kernel_sin
00119ac8 0000012c T scalbn
00119bf4 00000038 T __aeabi_d2lz
00119bf4 00000038 T __fixdfdi
00119c30 00000040 T __aeabi_d2ulz
00119c30 00000040 T __fixunsdfdi
00119c70 00000120 T __udivmoddi4
00119d90 00000078 T bsearch
00119e08 00000028 T calloc
00119e30 000000bc T _calloc_r
00119eec 0000000c T __errno
00119ef8 00000034 T exit
00119f2c 00000160 T _fclose_r
0011a08c 00000020 T fclose
0011a0ac 00000258 T __sflush_r
0011a304 00000094 T _fflush_r
0011a398 00000038 T fflush
0011a3d0 0000000c T _cleanup_r
0011a3dc 00000184 T __sinit
0011a560 00000134 T __sfp
0011a694 0000000c T __sfp_lock_acquire
0011a6a0 0000000c T __sfp_lock_release
0011a6ac 0000003c T __libc_fini_array
0011a6e8 00000140 T _fopen_r
0011a828 00000028 T fopen
0011a850 0000003c T fprintf
0011a88c 000002d4 T _fread_r
0011ab60 00000038 T fread
0011ab98 000000f8 T _malloc_trim_r
0011ac90 000002e4 T _free_r
0011af74 0000003c T fscanf
0011afb0 0000001c T _fseek_r
0011afcc 00000598 T _fseeko_r
0011b564 00000068 T _fwalk
0011b5cc 00000070 T _fwalk_reent
0011b63c 0000007c T __libc_init_array
0011b6b8 00000138 T __smakebuf_r
0011b7f0 0000008c T __swhatbuf_r
0011b87c 00000028 T memalign
0011b8a4 00000150 T _memalign_r
0011b9f4 00000020 T malloc
0011ba14 00000020 T free
0011ba34 000007e0 T _malloc_r
0011c214 000000a8 T memcmp
0011c2bc 0000011c T memcpy
0011c3d8 00000154 T memmove
0011c52c 00000118 T memset
0011c644 0000000c T __malloc_lock
0011c650 0000000c T __malloc_unlock
0011c65c 0000001c T srand
0011c678 00000044 T rand
0011c6bc 00000028 T realloc
0011c6e4 00000558 T _realloc_r
0011cc3c 0000001c t lflush
0011cc58 000001ac T __srefill_r
0011ce04 00000260 T setvbuf
0011d064 000000cc T snprintf
0011d130 00000044 T __sread
0011d174 00000068 T __swrite
0011d1dc 00000048 T __sseek
0011d224 00000008 T __sclose
0011d22c 0000012c T strchr
0011d358 0000005c T strlen
0011d3b4 000000ec T strncat
0011d4a0 000000dc T strncmp
0011d57c 000000c0 T strncpy
0011d63c 00000048 T strnlen
0011d684 00000628 t get_arg
0011dcb0 000035b8 T _svfprintf_r
00121268 0000003c T time
001212a4 00000628 t get_arg
001218d0 00003684 T _vfprintf_r
00124f54 000000d4 t __sbprintf
00125028 00000050 t get_arg
00125078 00002be4 T __svfscanf_r
00127c5c 0000003c T _vfscanf_r
00127c98 00000054 T _wcrtomb_r
00127cec 00000028 T _wcsrtombs_r
00127d14 00000154 T __swsetup_r
00127e68 00000114 T __call_exitprocs
00127f7c 000001ac t quorem
00128128 000012cc T _dtoa_r
001293f4 000000cc T __sflags
001294c0 00000008 T iswspace
001294c8 0000000c T _localeconv_r
001294d4 00000010 T __locale_mb_cur_max
001294e4 00000068 T _mbrtowc_r
0012954c 000002e4 T __utf8_mbtowc
00129830 000000e0 T memchr
00129910 00000088 T _Balloc
00129998 0000001c T _Bfree
001299b4 000000f4 T __multadd
00129aa8 00000110 T __s2b
00129bb8 00000058 T __hi0bits
00129c10 00000094 T __lo0bits
00129ca4 000000a4 T __i2b
00129d48 00000204 T __multiply
00129f4c 00000120 T __pow5mult
0012a06c 0000013c T __lshift
0012a1a8 00000058 T __mcmp
0012a200 000001cc T __mdiff
0012a3cc 00000074 T __ulp
0012a440 000000d0 T __b2d
0012a510 00000124 T __d2b
0012a634 00000078 T __ratio
0012a6ac 00000088 T __copybits
0012a734 0000005c T __any_on
0012a790 000000e4 T __sccl
0012a874 0000000c T nanf
0012a880 000000a8 T frexp
0012a928 00000064 T sprintf
0012a98c 000000b8 T stpncpy
0012aa48 00001368 T _strtod_l
0012bdb0 0000000c T _strtod_r
0012bdbc 0000022c t _strtoll_l.constprop.0
0012bfe8 00000004 T _strtoll_r
0012bfec 000001a4 t _strtol_l.part.0
0012c190 0000003c T _strtol_r
0012c1cc 00000244 t _strtoull_l.constprop.0
0012c410 00000004 T _strtoull_r
0012c414 000001c4 t _strtoul_l.constprop.0
0012c5d8 00000004 T _strtoul_r
0012c5dc 00000190 T __ssprint_r
0012c76c 000000a8 T __submore
0012c814 00000208 T _ungetc_r
0012ca1c 00000628 t get_arg
0012d044 00000030 T __sprint_r
0012d074 0000233c T _vfiprintf_r
0012f3b0 000000d4 t __sbprintf
0012f484 00000190 T _wcsnrtombs_l
0012f614 0000004c T _wcsnrtombs_r
0012f660 000000f0 T __utf8_wctomb
0012f750 00000054 T __assert_func
0012f7a4 0000003c T fiprintf
0012f7e0 000004c0 T __sfvwrite_r
0012fca0 000000ec t rshift
0012fd8c 00000904 T __gethex
00130690 0000004c T __match
001306dc 0000029c T __hexnan
00130978 0000003c T iswspace_l
001309b4 000001d4 t __jp2uc
00130b88 0000009c T _jp2uc_l
00130c28 00000010 T nan
00130c38 00000014 T abort
00130c4c 00000084 T category
00130cd0 00000098 T _raise_r
00130d68 00000020 T raise
00130d88 00000008 t null_write
00130d90 00000018 T setDefaultDevice
00130da8 000000c8 T FindDevice
00130e70 00000028 T RemoveDevice
00130e98 0000009c T AddDevice
00130f34 00000020 T GetDeviceOpTab
00130f54 00000078 T _fstat_r
00130fcc 00000014 T _getpid_r
00130fe0 00000038 T _gettimeofday_r
00131018 00000008 T _isatty_r
00131020 00000014 T _kill_r
00131034 00000084 T _lseek_r
001310b8 000000c8 T _open_r
00131180 00000080 T _read_r
00131200 00000078 T _sbrk_r
00131278 00000080 T _write_r
001312f8 00000024 T _exit
0013131c 000001b8 T _concatenate_path
001314d4 00000160 T chdir
00131634 00000008 T __flockfile
0013163c 00000008 T __funlockfile
00131644 00000018 T __libc_lock_acquire
0013165c 00000018 T __libc_lock_release
00131674 00000018 T __libc_lock_init_recursive
0013168c 00000018 T __libc_lock_acquire_recursive
001316a4 00000018 T __libc_lock_release_recursive
001316bc 00000018 T __libc_lock_close_recursive
001316d4 0000008c T __release_handle
00131760 000000b4 T __alloc_handle
00131814 0000003c T __get_handle
00131850 000000f4 T _close_r
00131944 00000028 T __getreent
0013196c 00000044 T strrchr
001319b0 T _fini
001322b4 R render2d_shbin
00132440 R render2d_shbin_end
00132440 R render2d_shbin_size
00132444 00000038 r CSWTCH.18
0013247c 00000005 r colorFmtSizes
00132484 00000004 r depthFmtSizes
00132488 00000010 r CSWTCH.9
001324bc 00000070 r romFS_devoptab
00132550 00000008 r morton_x.3
00132558 00000008 r morton_y.2
00132560 00000008 r s_sleepWakeEvents.4
001325c0 00000070 r archive_devoptab
00132630 00000030 r error_table
00132660 00000020 r atanhi
00132680 00000020 r atanlo
001326a0 00000060 R __inv_pio4
00132700 000000e0 R __sincosf_table
001327e0 00000008 r Zero
001327e8 00000010 r Zero
001327f8 00000080 r npio2_hw
00132878 00000108 r two_over_pi
00132980 00000040 r PIo2
001329c0 00000010 r init_jk
001329d0 00000004 R _global_impure_ptr
00132a10 00000010 r blanks.1
00132a20 00000010 r zeroes.0
00132a30 00000010 r blanks.1
00132a40 00000010 r zeroes.0
00132a58 00000022 r basefix.0
00132a7c 00000101 R _ctype_
00132b90 r .LC2
00132c70 00000028 R __mprec_bigtens
00132c98 000000c8 R __mprec_tens
00132d60 0000000c r p05.0
00132d7c 00000014 r fpi.1
00132d90 00000014 r fpinan.0
00132da8 00000028 r tinytens
00132dd0 0000006c R __action_table
00132e3c 00000100 R __chclass
00132f3c 0000006c R __state_table
00132fa8 00000010 r blanks.1
00132fb8 00000010 r zeroes.0
00133050 00000100 R __hexdig
00133164 000000bc r a1
00133220 000000bc r a2
001332dc 0000005b r a3
00133338 00000070 r a6
001333a8 000000a2 r a7
0013344c 00000040 r a8
0013348c 0000172a r b02cf
00134bb8 00001a7c r d02f4
00136634 0000000c R _C_numeric_locale
00136640 000031e6 r categories
00139828 00000070 R dotab_stdnull
00139898 r 
00139898 R __exidx_end
00139898 R __exidx_start
0013a000 00000004 D wideModifier
0013a004 00000004 d framerate
0013a008 00000008 d framerateCounter
0013a010 00000004 d queueLock
0013a014 00000004 d kCount
0013a018 00000004 d kDelay
0013a01c 00000004 d kInterval
0013a020 W __stacksize__
0013a024 0000000c d __sfp_recursive_mutex
0013a030 0000000c d __sinit_recursive_mutex
0013a03c 00000004 D _impure_ptr
0013a040 00000460 d impure_data
0013a4a0 00000408 D __malloc_av_
0013a8a8 00000004 D __malloc_sbrk_base
0013a8ac 00000004 D __malloc_trim_threshold
0013a8b0 0000000c d __malloc_recursive_mutex
0013a8bc 0000000c D __atexit_recursive_mutex
0013a8c8 0000016c D __global_locale
0013aa34 00000002 d numempty
0013aa38 00000004 d defaultDevice
0013aa3c 0000008c D devoptab_list
0013aac8 00000400 d _current_working_directory
0013aec8 00000004 d __hndl_lock
0013aecc 0000000c d __stderr_handle
0013aed8 0000000c d __stdin_handle
0013aee4 0000000c d __stdout_handle
0013aef0 00001000 d handles
0013bef8 d _GLOBAL_OFFSET_TABLE_
0013bf04 d __frame_dummy_init_array_entry
0013bf04 D __init_array_start
0013bf04 B __preinit_array_end
0013bf04 B __preinit_array_start
0013bf04 D __tdata_lma
0013bf04 D __tdata_lma_end
0013bf08 d __do_global_dtors_aux_fini_array_entry
0013bf08 D __fini_array_start
0013bf08 D __init_array_end
0013bf0c D __bss_start__
0013bf0c D __fini_array_end
0013bf0c 00000004 b numPoppingBubbles
0013bf10 000001e0 b poppingBubbles
0013c0f0 00000004 b numBubbles
0013c0f4 000006e0 b bubbles
0013c7d4 00000004 b blueSheet
0013c7d8 00000004 b yellowSheet
0013c7dc 00000004 b purpleSheet
0013c7e0 00000004 b nullBubbleSheet
0013c7e4 00000004 b redSheet
0013c7e8 00000004 b activeDarts
0013c7ec 00000004 b dartSheet
0013c7f0 00000550 b darts
0013cd40 00000004 b firingSheet
0013cd44 00000004 b buttonSheet
0013cd48 00000004 b buttonOutlineSheet
0013cd4c 00000004 b cornerSheet
0013cd50 00000004 b regularFont
0013cd54 00000004 b lightFont
0013cd58 00000004 b mediumFont
0013cd5c 00000004 b boldFont
0013cd60 b completed.1
0013cd64 b object.0
0013cd80 000005a0 B __C2Di_Context
0013d320 00000040 b s_projBot
0013d360 00000040 b s_projTop
0013d3a0 00000004 b uLoc_mdlvMtx
0013d3a4 00000004 b uLoc_projMtx
0013d3a8 00000004 b s_glyphSheets
0013d3ac 00000004 b s_textScale
0013d3b0 000002d0 B __C3D_Context
0013d680 0000000c b hookCookie
0013d690 00000010 b cpuTime
0013d6a0 00000004 b firstTarget
0013d6a4 00000008 b frameCounter
0013d6ac 00000004 b frameEndCb
0013d6b0 00000004 b frameEndCbData
0013d6b8 00000010 b gpuTime
0013d6c8 00000001 b inFrame
0013d6c9 00000001 b inSafeTransfer
0013d6ca 00000001 b isTopStereo
0013d6cc 00000004 b lastTarget
0013d6d0 0000000c b linkedTarget
0013d6dc 00000001 b measureGpuTime
0013d6dd 00000001 b needSwapBot
0013d6de 00000001 b needSwapTop
0013d6e0 00000004 B C3D_BoolUnifs
0013d6e4 00000002 B C3D_BoolUnifsDirty
0013d6e8 00000c00 B C3D_FVUnif
0013e2e8 000000c0 B C3D_FVUnifDirty
0013e3a8 00000020 B C3D_IVUnif
0013e3c8 00000008 B C3D_IVUnifDirty
0013e3d0 000000c0 b C3Di_FVUnifEverDirty
0013e490 00000008 b C3Di_IVUnifEverDirty
0013e498 00000018 b C3Di_ShaderFVecData
0013e4b0 0000000c b sAddrMap
0013e4bc 00000008 b sVramPool
0013e4c4 00000008 b sLinearPool
0013e4cc 0000000c b sAddrMap
0013e4d8 00000004 V __romfs_path
0013e4dc 00000004 b romfs_mount_list
0013e4e0 00000001 V __ctru_speedup
0013e4e4 00000004 B g_sharedFont
0013e4e8 00000004 b sharedFontAddr
0013e4ec 00000004 b gfxBottomFramebufferMaxSize
0013e4f0 00000008 b gfxBottomFramebuffers
0013e4f8 00000002 b gfxCurBuf
0013e4fc 00000002 b gfxFramebufferFormats
0013e500 00000002 b gfxIsDoubleBuf
0013e502 00000001 b gfxIsVram
0013e504 00000004 b gfxTopFramebufferMaxSize
0013e508 00000008 b gfxTopFramebuffers
0013e510 00000001 b gfxTopMode
0013e514 00000004 b screenAlloc
0013e518 00000004 b screenFree
0013e51c 00000004 b boundQueue
0013e520 00000004 b curQueue
0013e524 00000001 b isActive
0013e525 00000001 b isRunning
0013e526 00000001 b shouldStop
0013e528 00000004 B gpuCmdBuf
0013e52c 00000004 B gpuCmdBufOffset
0013e530 00000004 B gpuCmdBufSize
0013e534 00000004 b gspEvent
0013e538 0000001c b gspEventCb
0013e554 0000001c b gspEventCbData
0013e570 00000007 b gspEventCbOneShot
0013e578 00000004 b gspEventThread
0013e57c 00000038 b gspEvents
0013e5b4 00000004 b gspGpuHandle
0013e5b8 00000001 b gspGpuRight
0013e5bc 00000004 b gspLastEvent
0013e5c0 00000004 b gspRefCount
0013e5c4 00000001 b gspRunEvents
0013e5c8 00000004 b gspSharedMem
0013e5cc 00000004 b gspSharedMemHandle
0013e5d0 00000001 b gspThreadId
0013e5d1 00000001 b aptChainloadFlags
0013e5d2 00000001 b aptChainloadMediatype
0013e5d8 00000008 b aptChainloadTid
0013e5e0 00000004 b aptEventHandlerThread
0013e5e4 00000001 b aptEventHandlerThreadQuit
0013e5e8 00000008 b aptEvents
0013e5f0 0000000c b aptFirstHook
0013e5fc 00000004 b aptFlags
0013e600 00000001 b aptHomeButtonState
0013e604 00000004 b aptLockHandle
0013e608 00000004 b aptMessageFunc
0013e60c 00000004 b aptMessageFuncData
0013e610 00001000 b aptParameters
0013f610 00000008 b aptReceiveEvent
0013f618 00000004 b aptRefCount
0013f61c 00000008 b aptSleepEvent
0013f624 00000001 b flagInit.1
0013f625 00000001 b flagValue.0
0013f628 00000004 b serviceName.6
0013f62c 00000006 b aVec
0013f634 00000004 b cPos
0013f638 00000006 b gRate
0013f640 00000014 B hidEvents
0013f654 00000004 B hidHandle
0013f658 00000004 B hidMemHandle
0013f65c 00000004 b hidRefCount
0013f660 00000004 B hidSharedMem
0013f664 00000004 b kDown
0013f668 00000004 b kHeld
0013f66c 00000004 b kOld
0013f670 00000004 b kRepeat
0013f674 00000004 b kUp
0013f678 00000004 b tPos
0013f67c 00000001 b usingIrrst
0013f680 00000004 b ptmSysmHandle
0013f684 00000004 b ptmSysmRefCount
0013f688 00000080 b fsExemptArchives
0013f708 00000004 b fsuHandle
0013f70c 00000004 b fsuRefCount
0013f710 00000004 B __ctru_heap
0013f714 00000004 V __ctru_heap_size
0013f718 00000004 B __ctru_linear_heap
0013f71c 00000004 V __ctru_linear_heap_size
0013f720 00000004 B __system_retAddr
0013f724 00000004 B __system_argc
0013f728 00000004 B __system_argv
0013f72c b saved_stack
0013f734 00000004 b arbiter
0013f738 00000004 b srvHandle
0013f73c 00000004 b srvRefCount
0013f740 00000004 b currentAddr
0013f744 00000004 b maxAddr
0013f748 00000004 b minAddr
0013f74c 00000004 b csPos
0013f750 00000004 B irrstEvent
0013f754 00000004 B irrstHandle
0013f758 00000004 B irrstMemHandle
0013f75c 00000004 b irrstRefCount
0013f760 00000004 B irrstSharedMem
0013f764 00000004 b kHeld
0013f768 00000004 b srvPmHandle
0013f76c 00000004 b archive_device_cwd
0013f770 00000540 b archive_devices
0013fcb0 00000001 b archive_initialized
0013fcb4 00000028 B __malloc_current_mallinfo
0013fcdc 00000004 B __malloc_max_sbrked_mem
0013fce0 00000004 B __malloc_max_total_mem
0013fce4 00000004 B __malloc_top_pad
0013fce8 00000004 b heap_start.0
0013fcec 00000004 B fake_heap_end
0013fcf0 00000004 B fake_heap_start
0013fcf4 00000400 b temp_cwd
001400f4 00000048 B __syscalls
0014013c B __tls_start
00140d44 B __bss_end__
00140d44 A __end__
00140d44 B __tls_end
